Using pre-set license
Built from '2023.1/staging' branch; Version is '2023.1.18f1 (2b639e48c919) revision 2843550'; Using compiler version '192829333'; Build Type 'Release'
OS: 'Windows 10  (10.0.19045) 64bit Core' Language: 'en' Physical Memory: 32620 MB
BatchMode: 1, IsHumanControllingUs: 0, StartBugReporterOnCrash: 0, Is64bit: 1, IsPro: 1

COMMAND LINE ARGUMENTS:
C:\Program Files\Unity\Hub\Editor\2023.1.18f1\Editor\Unity.exe
-adb2
-batchMode
-noUpm
-name
AssetImportWorker1
-projectPath
C:/Users/Michael/Documents/GitHub/Project-2/Unity Ski Game
-logFile
Logs/AssetImportWorker1.log
-srvPort
51268
Successfully changed project path to: C:/Users/Michael/Documents/GitHub/Project-2/Unity Ski Game
C:/Users/Michael/Documents/GitHub/Project-2/Unity Ski Game
[UnityMemory] Configuration Parameters - Can be set up in boot.config
    "memorysetup-bucket-allocator-granularity=16"
    "memorysetup-bucket-allocator-bucket-count=8"
    "memorysetup-bucket-allocator-block-size=33554432"
    "memorysetup-bucket-allocator-block-count=8"
    "memorysetup-main-allocator-block-size=16777216"
    "memorysetup-thread-allocator-block-size=16777216"
    "memorysetup-gfx-main-allocator-block-size=16777216"
    "memorysetup-gfx-thread-allocator-block-size=16777216"
    "memorysetup-cache-allocator-block-size=4194304"
    "memorysetup-typetree-allocator-block-size=2097152"
    "memorysetup-profiler-bucket-allocator-granularity=16"
    "memorysetup-profiler-bucket-allocator-bucket-count=8"
    "memorysetup-profiler-bucket-allocator-block-size=33554432"
    "memorysetup-profiler-bucket-allocator-block-count=8"
    "memorysetup-profiler-allocator-block-size=16777216"
    "memorysetup-profiler-editor-allocator-block-size=1048576"
    "memorysetup-temp-allocator-size-main=16777216"
    "memorysetup-job-temp-allocator-block-size=2097152"
    "memorysetup-job-temp-allocator-block-size-background=1048576"
    "memorysetup-job-temp-allocator-reduction-small-platforms=262144"
    "memorysetup-allocator-temp-initial-block-size-main=262144"
    "memorysetup-allocator-temp-initial-block-size-worker=262144"
    "memorysetup-temp-allocator-size-background-worker=32768"
    "memorysetup-temp-allocator-size-job-worker=262144"
    "memorysetup-temp-allocator-size-preload-manager=33554432"
    "memorysetup-temp-allocator-size-nav-mesh-worker=65536"
    "memorysetup-temp-allocator-size-audio-worker=65536"
    "memorysetup-temp-allocator-size-cloud-worker=32768"
    "memorysetup-temp-allocator-size-gi-baking-worker=262144"
    "memorysetup-temp-allocator-size-gfx=262144"
Player connection [25616] Host "[IP] 192.168.4.72 [Port] 0 [Flags] 2 [Guid] 563838000 [EditorId] 563838000 [Version] 1048832 [Id] WindowsEditor(7,DESKTOP-E3QOFOD) [Debug] 1 [PackageName] WindowsEditor [ProjectName] Editor" joined multi-casting on [225.0.0.222:54997]...

Player connection [25616] Host "[IP] 192.168.4.72 [Port] 0 [Flags] 2 [Guid] 563838000 [EditorId] 563838000 [Version] 1048832 [Id] WindowsEditor(7,DESKTOP-E3QOFOD) [Debug] 1 [PackageName] WindowsEditor [ProjectName] Editor" joined alternative multi-casting on [225.0.0.222:34997]...

[Physics::Module] Initialized MultithreadedJobDispatcher with 19 workers.
Library Redirect Path: Library/Refreshing native plugins compatible for Editor in 9.01 ms, found 6 plugins.
Preloading 1 native plugins for Editor in 0.48 ms.
Initialize engine version: 2023.1.18f1 (2b639e48c919)
[Subsystems] Discovering subsystems at path C:/Program Files/Unity/Hub/Editor/2023.1.18f1/Editor/Data/Resources/UnitySubsystems
[Subsystems] Discovering subsystems at path C:/Users/Michael/Documents/GitHub/Project-2/Unity Ski Game/Assets
GfxDevice: creating device client; threaded=0; jobified=0
Direct3D:
    Version:  Direct3D 11.0 [level 11.1]
    Renderer: NVIDIA GeForce RTX 3070 (ID=0x2488)
    Vendor:   NVIDIA
    VRAM:     8031 MB
    Driver:   31.0.15.3623
Initialize mono
Mono path[0] = 'C:/Program Files/Unity/Hub/Editor/2023.1.18f1/Editor/Data/Managed'
Mono path[1] = 'C:/Program Files/Unity/Hub/Editor/2023.1.18f1/Editor/Data/MonoBleedingEdge/lib/mono/unityjit-win32'
Mono config path = 'C:/Program Files/Unity/Hub/Editor/2023.1.18f1/Editor/Data/MonoBleedingEdge/etc'
Using monoOptions --debugger-agent=transport=dt_socket,embedding=1,server=y,suspend=n,address=127.0.0.1:56860
Begin MonoManager ReloadAssembly
C:\build\output\Unity-Technologies\mono\mono\metadata\icall.c:1842:
C:\build\output\Unity-Technologies\mono\mono\metadata\icall.c:1842:
C:\build\output\Unity-Technologies\mono\mono\metadata\icall.c:1842:
C:\build\output\Unity-Technologies\mono\mono\metadata\icall.c:1842:
C:\build\output\Unity-Technologies\mono\mono\metadata\icall.c:1842:
C:\build\output\Unity-Technologies\mono\mono\metadata\icall.c:1842:
C:\build\output\Unity-Technologies\mono\mono\metadata\icall.c:1842:
C:\build\output\Unity-Technologies\mono\mono\metadata\icall.c:1842:
C:\build\output\Unity-Technologies\mono\mono\metadata\icall.c:1842:
C:\build\output\Unity-Technologies\mono\mono\metadata\icall.c:1842:
Registering precompiled unity dll's ...
Register platform support module: C:/Program Files/Unity/Hub/Editor/2023.1.18f1/Editor/Data/PlaybackEngines/WindowsStandaloneSupport/UnityEditor.WindowsStandalone.Extensions.dll
Register platform support module: C:/Program Files/Unity/Hub/Editor/2023.1.18f1/Editor/Data/PlaybackEngines/AndroidPlayer/UnityEditor.Android.Extensions.dll
Register platform support module: C:/Program Files/Unity/Hub/Editor/2023.1.18f1/Editor/Data/PlaybackEngines/iOSSupport/UnityEditor.iOS.Extensions.dll
Registered in 0.004767 seconds.
- Loaded All Assemblies, in  0.390 seconds
[usbmuxd] Start listen thread
[usbmuxd] Listen thread started
Native extension for iOS target not found
Native extension for Android target not found
Android Extension - Scanning For ADB Devices 214 ms
Native extension for WindowsStandalone target not found
Mono: successfully reloaded assembly
C:\build\output\Unity-Technologies\mono\mono\metadata\icall.c:1842:
C:\build\output\Unity-Technologies\mono\mono\metadata\icall.c:1842:
- Finished resetting the current domain, in  0.585 seconds
Domain Reload Profiling: 974ms
	BeginReloadAssembly (117ms)
		ExecutionOrderSort (0ms)
		DisableScriptedObjects (0ms)
		BackupInstance (0ms)
		ReleaseScriptingObjects (0ms)
		CreateAndSetChildDomain (0ms)
	RebuildCommonClasses (35ms)
	RebuildNativeTypeToScriptingClass (12ms)
	initialDomainReloadingComplete (56ms)
	LoadAllAssembliesAndSetupDomain (168ms)
		LoadAssemblies (117ms)
		RebuildTransferFunctionScriptingTraits (0ms)
		AnalyzeDomain (163ms)
			TypeCache.Refresh (162ms)
				TypeCache.ScanAssembly (150ms)
			ScanForSourceGeneratedMonoScriptInfo (1ms)
			ResolveRequiredComponents (0ms)
	FinalizeReload (586ms)
		ReleaseScriptCaches (0ms)
		RebuildScriptCaches (0ms)
		SetupLoadedEditorAssemblies (538ms)
			LogAssemblyErrors (0ms)
			InitializePlatformSupportModulesInManaged (348ms)
			SetLoadedEditorAssemblies (3ms)
			BeforeProcessingInitializeOnLoad (8ms)
			ProcessInitializeOnLoadAttributes (122ms)
			ProcessInitializeOnLoadMethodAttributes (59ms)
			AfterProcessingInitializeOnLoad (0ms)
			EditorAssembliesLoaded (0ms)
		ExecutionOrderSort2 (0ms)
		AwakeInstancesAfterBackupRestoration (0ms)
========================================================================
Worker process is ready to serve import requests
Import Worker Mode flag is 0x00
Begin MonoManager ReloadAssembly
C:\build\output\Unity-Technologies\mono\mono\metadata\icall.c:1842:
C:\build\output\Unity-Technologies\mono\mono\metadata\icall.c:1842:
C:\build\output\Unity-Technologies\mono\mono\metadata\icall.c:1842:
C:\build\output\Unity-Technologies\mono\mono\metadata\icall.c:1842:
C:\build\output\Unity-Technologies\mono\mono\metadata\icall.c:1842:
C:\build\output\Unity-Technologies\mono\mono\metadata\icall.c:1842:
C:\build\output\Unity-Technologies\mono\mono\metadata\icall.c:1842:
C:\build\output\Unity-Technologies\mono\mono\metadata\icall.c:1842:
C:\build\output\Unity-Technologies\mono\mono\metadata\icall.c:1842:
C:\build\output\Unity-Technologies\mono\mono\metadata\icall.c:1842:
C:\build\output\Unity-Technologies\mono\mono\metadata\icall.c:1842:
C:\build\output\Unity-Technologies\mono\mono\metadata\icall.c:1842:
- Loaded All Assemblies, in  0.906 seconds
Refreshing native plugins compatible for Editor in 4.01 ms, found 6 plugins.
Native extension for iOS target not found
Native extension for Android target not found
Native extension for WindowsStandalone target not found
Package Manager log level set to [2]
[Package Manager] Failed to launch server process. Reason: Unity was launched with the -noUpm command-line argument
[Package Manager] Unable to send message (not connected to server process).
[Package Manager] Cannot connect to Unity Package Manager local server
System.Reflection.TargetInvocationException: Exception has been thrown by the target of an invocation. ---> System.NullReferenceException: Object reference not set to an instance of an object
  at Unity.XR.Oculus.OculusLoader.AssetPathToAbsolutePath (System.String assetPath) [0x0003d] in .\Library\PackageCache\com.unity.xr.oculus@4.1.1\Runtime\OculusLoader.cs:287 
  at Unity.XR.Oculus.OculusLoader.EditorLoadOVRPlugin () [0x00084] in .\Library\PackageCache\com.unity.xr.oculus@4.1.1\Runtime\OculusLoader.cs:272 
  at (wrapper managed-to-native) System.Reflection.RuntimeMethodInfo.InternalInvoke(System.Reflection.RuntimeMethodInfo,object,object[],System.Exception&)
  at System.Reflection.RuntimeMethodInfo.Invoke (System.Object obj, System.Reflection.BindingFlags invokeAttr, System.Reflection.Binder binder, System.Object[] parameters, System.Globalization.CultureInfo culture) [0x0006a] in <cb3602b5bf2148caa08db7780ec02b19>:0 
   --- End of inner exception stack trace ---
  at System.Reflection.RuntimeMethodInfo.Invoke (System.Object obj, System.Reflection.BindingFlags invokeAttr, System.Reflection.Binder binder, System.Object[] parameters, System.Globalization.CultureInfo culture) [0x00083] in <cb3602b5bf2148caa08db7780ec02b19>:0 
  at System.Reflection.MethodBase.Invoke (System.Object obj, System.Object[] parameters) [0x00000] in <cb3602b5bf2148caa08db7780ec02b19>:0 
  at UnityEditor.EditorAssemblies.ProcessInitializeOnLoadMethodAttributes () [0x00056] in <67ca03e62a224f8aa849e84f088db5f9>:0 
UnityEngine.StackTraceUtility:ExtractStackTrace ()
UnityEngine.DebugLogHandler:Internal_Log (UnityEngine.LogType,UnityEngine.LogOption,string,UnityEngine.Object)
UnityEngine.DebugLogHandler:LogFormat (UnityEngine.LogType,UnityEngine.Object,string,object[])
UnityEngine.Logger:Log (UnityEngine.LogType,object)
UnityEngine.Debug:LogError (object)
UnityEditor.EditorAssemblies:ProcessInitializeOnLoadMethodAttributes ()

Mono: successfully reloaded assembly
[Package Manager] Failed to launch server process. Reason: Unity was launched with the -noUpm command-line argument
[Package Manager] Unable to send message (not connected to server process).
[Package Manager] Cannot connect to Unity Package Manager local server
[Package Manager] Failed to launch server process. Reason: Unity was launched with the -noUpm command-line argument
[Package Manager] Unable to send message (not connected to server process).
[Package Manager] Cannot connect to Unity Package Manager local server
- Finished resetting the current domain, in  0.934 seconds
Domain Reload Profiling: 1838ms
	BeginReloadAssembly (282ms)
		ExecutionOrderSort (0ms)
		DisableScriptedObjects (6ms)
		BackupInstance (0ms)
		ReleaseScriptingObjects (0ms)
		CreateAndSetChildDomain (29ms)
	RebuildCommonClasses (35ms)
	RebuildNativeTypeToScriptingClass (13ms)
	initialDomainReloadingComplete (38ms)
	LoadAllAssembliesAndSetupDomain (534ms)
		LoadAssemblies (320ms)
		RebuildTransferFunctionScriptingTraits (0ms)
		AnalyzeDomain (310ms)
			TypeCache.Refresh (278ms)
				TypeCache.ScanAssembly (264ms)
			ScanForSourceGeneratedMonoScriptInfo (21ms)
			ResolveRequiredComponents (11ms)
	FinalizeReload (935ms)
		ReleaseScriptCaches (0ms)
		RebuildScriptCaches (0ms)
		SetupLoadedEditorAssemblies (683ms)
			LogAssemblyErrors (0ms)
			InitializePlatformSupportModulesInManaged (32ms)
			SetLoadedEditorAssemblies (3ms)
			BeforeProcessingInitializeOnLoad (81ms)
			ProcessInitializeOnLoadAttributes (530ms)
			ProcessInitializeOnLoadMethodAttributes (33ms)
			AfterProcessingInitializeOnLoad (4ms)
			EditorAssembliesLoaded (0ms)
		ExecutionOrderSort2 (0ms)
		AwakeInstancesAfterBackupRestoration (7ms)
Launched and connected shader compiler UnityShaderCompiler.exe after 0.01 seconds
Refreshing native plugins compatible for Editor in 2.09 ms, found 6 plugins.
Preloading 1 native plugins for Editor in 0.04 ms.
Unloading 3875 Unused Serialized files (Serialized files now loaded: 0)
Unloading 79 unused Assets / (1.1 MB). Loaded Objects now: 4408.
Memory consumption went from 176.9 MB to 175.7 MB.
Total: 3.511000 ms (FindLiveObjects: 0.191900 ms CreateObjectMapping: 0.096700 ms MarkObjects: 2.996200 ms  DeleteObjects: 0.225100 ms)

AssetImportParameters requested are different than current active one (requested -> active):
  custom:video-decoder-webm-vp8: 9c59270c3fd7afecdb556c50c9e8de78 -> 
  custom:SearchIndexIgnoredProperties: e643bd26f0fe6173181afceb89e7c659 -> 
  custom:audio-encoder-webm-vorbis: bf7c407c2cedff20999df2af8eb42d56 -> 
  custom:AudioImporter_EditorPlatform: d09bf68614088b80899f8185d706f6e7 -> 
  custom:audio-decoder-ogg-vorbis: bf7c407c2cedff20999df2af8eb42d56 -> 
  custom:video-encoder-webm-vp8: eb34c28f22e8b96e1ab97ce403110664 -> 
  custom:container-demuxer-ogg: 62fdf1f143b41e24485cea50d1cbac27 -> 
  custom:framework-win-MediaFoundation: 216162199b28c13a410421893ffa2e32 -> 
  custom:video-decoder-ogg-theora: a1e56fd34408186e4bbccfd4996cb3dc -> 
  custom:container-muxer-webm: aa71ff27fc2769a1b78a27578f13a17b -> 
  custom:CustomObjectIndexerAttribute: 756ad292c208cfabdd7b50bc23989ffe -> 
  custom:container-demuxer-webm: 4f35f7cbe854078d1ac9338744f61a02 -> 
========================================================================
Received Import Request.
  Time since last request: 172104.316714 seconds.
  path: Assets/Scenes/SkiGame_Couse3_Session4_Optimization/Lightmap-0_comp_dir.png
  artifactKey: Guid(f0b9084d6f36b884f9736f79f5e96c88) Importer(815301076,1909f56bfc062723c751e8b465ee728b)
Start importing Assets/Scenes/SkiGame_Couse3_Session4_Optimization/Lightmap-0_comp_dir.png using Guid(f0b9084d6f36b884f9736f79f5e96c88) Importer(815301076,1909f56bfc062723c751e8b465ee728b)  -> (artifact id: 'd2b01d48209fb9ab5a56fe05e248f3f2') in 0.086653 seconds
Number of updated asset objects reloaded before import = 0
Number of asset objects unloaded after import = 2
========================================================================
Received Import Request.
  Time since last request: 0.000021 seconds.
  path: Assets/Scenes/SkiGame_Couse3_Session4_Optimization/Lightmap-0_comp_shadowmask.png
  artifactKey: Guid(f274c7dd6b570a8459dfc6d08446b3a5) Importer(815301076,1909f56bfc062723c751e8b465ee728b)
Start importing Assets/Scenes/SkiGame_Couse3_Session4_Optimization/Lightmap-0_comp_shadowmask.png using Guid(f274c7dd6b570a8459dfc6d08446b3a5) Importer(815301076,1909f56bfc062723c751e8b465ee728b)  -> (artifact id: '31e2e539aaac42ea7b5ef38c30439391') in 0.017793 seconds
Number of updated asset objects reloaded before import = 0
Number of asset objects unloaded after import = 2
========================================================================
Received Import Request.
  Time since last request: 4.044326 seconds.
  path: Assets/Scenes/ExampleTitleScreen/Lightmap-0_comp_light.exr
  artifactKey: Guid(ec04b7053db9e7c42bfc238a1f96069f) Importer(815301076,1909f56bfc062723c751e8b465ee728b)
Start importing Assets/Scenes/ExampleTitleScreen/Lightmap-0_comp_light.exr using Guid(ec04b7053db9e7c42bfc238a1f96069f) Importer(815301076,1909f56bfc062723c751e8b465ee728b)  -> (artifact id: '38ac0aee75bd324b1c15d5141b3a0278') in 0.041377 seconds
Number of updated asset objects reloaded before import = 0
Number of asset objects unloaded after import = 2
========================================================================
Received Import Request.
  Time since last request: 0.000020 seconds.
  path: Assets/Scenes/ExampleTitleScreen/Lightmap-4_comp_shadowmask.png
  artifactKey: Guid(f7382217ad0c50f439587465660ca876) Importer(815301076,1909f56bfc062723c751e8b465ee728b)
Start importing Assets/Scenes/ExampleTitleScreen/Lightmap-4_comp_shadowmask.png using Guid(f7382217ad0c50f439587465660ca876) Importer(815301076,1909f56bfc062723c751e8b465ee728b)  -> (artifact id: 'da12faa533a5df05aa9a17e0ef2eb038') in 0.020918 seconds
Number of updated asset objects reloaded before import = 0
Number of asset objects unloaded after import = 2
========================================================================
Received Import Request.
  Time since last request: 0.000019 seconds.
  path: Assets/Scenes/ExampleTitleScreen/Lightmap-7_comp_light.exr
  artifactKey: Guid(742abc52e7fcd214da3912702358cc09) Importer(815301076,1909f56bfc062723c751e8b465ee728b)
Start importing Assets/Scenes/ExampleTitleScreen/Lightmap-7_comp_light.exr using Guid(742abc52e7fcd214da3912702358cc09) Importer(815301076,1909f56bfc062723c751e8b465ee728b)  -> (artifact id: '7f739c86d9f78b44d754d768c64cb5a3') in 0.016373 seconds
Number of updated asset objects reloaded before import = 0
Number of asset objects unloaded after import = 2
========================================================================
Received Import Request.
  Time since last request: 0.000021 seconds.
  path: Assets/Scenes/ExampleTitleScreen/Lightmap-11_comp_shadowmask.png
  artifactKey: Guid(4f2e853c47f073a4fb386e9d8b968004) Importer(815301076,1909f56bfc062723c751e8b465ee728b)
Start importing Assets/Scenes/ExampleTitleScreen/Lightmap-11_comp_shadowmask.png using Guid(4f2e853c47f073a4fb386e9d8b968004) Importer(815301076,1909f56bfc062723c751e8b465ee728b)  -> (artifact id: '1a721548704f68f929506976a29768b0') in 0.017321 seconds
Number of updated asset objects reloaded before import = 0
Number of asset objects unloaded after import = 2
========================================================================
Received Import Request.
  Time since last request: 0.000033 seconds.
  path: Assets/Scenes/ExampleTitleScreen/Lightmap-10_comp_dir.png
  artifactKey: Guid(5faa966b359b27f4f80465ce300b13c3) Importer(815301076,1909f56bfc062723c751e8b465ee728b)
Start importing Assets/Scenes/ExampleTitleScreen/Lightmap-10_comp_dir.png using Guid(5faa966b359b27f4f80465ce300b13c3) Importer(815301076,1909f56bfc062723c751e8b465ee728b)  -> (artifact id: 'a863cbff793dffe8f2be30ddecdae946') in 0.020634 seconds
Number of updated asset objects reloaded before import = 0
Number of asset objects unloaded after import = 2
========================================================================
Received Import Request.
  Time since last request: 0.000018 seconds.
  path: Assets/Scenes/ExampleTitleScreen/Lightmap-2_comp_light.exr
  artifactKey: Guid(f1f0922c19e3b034986a8b884f610f4c) Importer(815301076,1909f56bfc062723c751e8b465ee728b)
Start importing Assets/Scenes/ExampleTitleScreen/Lightmap-2_comp_light.exr using Guid(f1f0922c19e3b034986a8b884f610f4c) Importer(815301076,1909f56bfc062723c751e8b465ee728b)  -> (artifact id: '629a1e81d9b1cad5521d054b180b2a29') in 0.027782 seconds
Number of updated asset objects reloaded before import = 0
Number of asset objects unloaded after import = 2
========================================================================
Received Import Request.
  Time since last request: 0.000017 seconds.
  path: Assets/Scenes/ExampleTitleScreen/Lightmap-3_comp_light.exr
  artifactKey: Guid(79add23e6f9a22140bf6175b1fe79b41) Importer(815301076,1909f56bfc062723c751e8b465ee728b)
Start importing Assets/Scenes/ExampleTitleScreen/Lightmap-3_comp_light.exr using Guid(79add23e6f9a22140bf6175b1fe79b41) Importer(815301076,1909f56bfc062723c751e8b465ee728b)  -> (artifact id: 'bc303c891e3bfcec0e8edecd9e6f7fd3') in 0.020795 seconds
Number of updated asset objects reloaded before import = 0
Number of asset objects unloaded after import = 2
========================================================================
Received Import Request.
  Time since last request: 0.000377 seconds.
  path: Assets/Scenes/ExampleTitleScreen/Lightmap-8_comp_shadowmask.png
  artifactKey: Guid(718c56372f2fc50409437e0da3375b48) Importer(815301076,1909f56bfc062723c751e8b465ee728b)
Start importing Assets/Scenes/ExampleTitleScreen/Lightmap-8_comp_shadowmask.png using Guid(718c56372f2fc50409437e0da3375b48) Importer(815301076,1909f56bfc062723c751e8b465ee728b)  -> (artifact id: 'e7e28ae28f429bd56c7f838ca9e26304') in 0.024488 seconds
Number of updated asset objects reloaded before import = 0
Number of asset objects unloaded after import = 2
========================================================================
Received Import Request.
  Time since last request: 0.000019 seconds.
  path: Assets/Scenes/ExampleTitleScreen/Lightmap-5_comp_light.exr
  artifactKey: Guid(0ed0097c255e71b40ba6813a4ac270b5) Importer(815301076,1909f56bfc062723c751e8b465ee728b)
Start importing Assets/Scenes/ExampleTitleScreen/Lightmap-5_comp_light.exr using Guid(0ed0097c255e71b40ba6813a4ac270b5) Importer(815301076,1909f56bfc062723c751e8b465ee728b)  -> (artifact id: '707a502b2c95f41c06ae5ed8756f4ce1') in 0.016054 seconds
Number of updated asset objects reloaded before import = 0
Number of asset objects unloaded after import = 2
========================================================================
Received Import Request.
  Time since last request: 0.000019 seconds.
  path: Assets/Scenes/ExampleTitleScreen/Lightmap-2_comp_dir.png
  artifactKey: Guid(b4f7233d9699e1d469fbc05d05ba261d) Importer(815301076,1909f56bfc062723c751e8b465ee728b)
Start importing Assets/Scenes/ExampleTitleScreen/Lightmap-2_comp_dir.png using Guid(b4f7233d9699e1d469fbc05d05ba261d) Importer(815301076,1909f56bfc062723c751e8b465ee728b)  -> (artifact id: '0bb8071ba1545a5fe4db0cfdc73065d2') in 0.016935 seconds
Number of updated asset objects reloaded before import = 0
Number of asset objects unloaded after import = 2
========================================================================
Received Import Request.
  Time since last request: 0.000022 seconds.
  path: Assets/Scenes/ExampleTitleScreen/Lightmap-12_comp_shadowmask.png
  artifactKey: Guid(4d85228c26087024d8c6ea448e530137) Importer(815301076,1909f56bfc062723c751e8b465ee728b)
Start importing Assets/Scenes/ExampleTitleScreen/Lightmap-12_comp_shadowmask.png using Guid(4d85228c26087024d8c6ea448e530137) Importer(815301076,1909f56bfc062723c751e8b465ee728b)  -> (artifact id: 'c183589f5bc225a9319575931230f59a') in 0.027613 seconds
Number of updated asset objects reloaded before import = 0
Number of asset objects unloaded after import = 2
========================================================================
Received Import Request.
  Time since last request: 0.000018 seconds.
  path: Assets/Scenes/ExampleTitleScreen/Lightmap-9_comp_dir.png
  artifactKey: Guid(a3432372a05456446b70a70c73d4cb71) Importer(815301076,1909f56bfc062723c751e8b465ee728b)
Start importing Assets/Scenes/ExampleTitleScreen/Lightmap-9_comp_dir.png using Guid(a3432372a05456446b70a70c73d4cb71) Importer(815301076,1909f56bfc062723c751e8b465ee728b)  -> (artifact id: '960ee2cf7ad28538862b5a8e06d37c8e') in 0.030064 seconds
Number of updated asset objects reloaded before import = 0
Number of asset objects unloaded after import = 2
========================================================================
Received Import Request.
  Time since last request: 0.000016 seconds.
  path: Assets/Scenes/ExampleTitleScreen/Lightmap-4_comp_dir.png
  artifactKey: Guid(35363379d9d797c4cae5b84c7298192a) Importer(815301076,1909f56bfc062723c751e8b465ee728b)
Start importing Assets/Scenes/ExampleTitleScreen/Lightmap-4_comp_dir.png using Guid(35363379d9d797c4cae5b84c7298192a) Importer(815301076,1909f56bfc062723c751e8b465ee728b)  -> (artifact id: '8bae2cc9c46251d587c4eda26dc67e4e') in 0.017432 seconds
Number of updated asset objects reloaded before import = 0
Number of asset objects unloaded after import = 2
========================================================================
Received Import Request.
  Time since last request: 0.000661 seconds.
  path: Assets/Scenes/ExampleTitleScreen/Lightmap-0_comp_shadowmask.png
  artifactKey: Guid(5a87cddd8436a664ca5c3236d715104c) Importer(815301076,1909f56bfc062723c751e8b465ee728b)
Start importing Assets/Scenes/ExampleTitleScreen/Lightmap-0_comp_shadowmask.png using Guid(5a87cddd8436a664ca5c3236d715104c) Importer(815301076,1909f56bfc062723c751e8b465ee728b)  -> (artifact id: '4dc658b59f6245fc6973062658936ff2') in 0.017143 seconds
Number of updated asset objects reloaded before import = 0
Number of asset objects unloaded after import = 2
========================================================================
Received Import Request.
  Time since last request: 0.000024 seconds.
  path: Assets/Scenes/ExampleTitleScreen/Lightmap-2_comp_shadowmask.png
  artifactKey: Guid(799a4d7a525eec143a714feb1f03cad5) Importer(815301076,1909f56bfc062723c751e8b465ee728b)
Start importing Assets/Scenes/ExampleTitleScreen/Lightmap-2_comp_shadowmask.png using Guid(799a4d7a525eec143a714feb1f03cad5) Importer(815301076,1909f56bfc062723c751e8b465ee728b)  -> (artifact id: '959e2b0e43e5560614c944ae8030547d') in 0.017111 seconds
Number of updated asset objects reloaded before import = 0
Number of asset objects unloaded after import = 2
Editor requested this worker to shutdown with reason: Scaling down because of idle timeout
AssetImportWorker is now disconnected from the server
Process exiting
Exiting without the bug reporter. Application will terminate with return code 0