
=== Thu Dec 10 13:55:41 2020

Packages were changed.
Update Mode: resetToDefaultDependencies

The following packages were added:
  com.unity.collab-proxy@1.2.16
  com.unity.ide.rider@1.1.4
  com.unity.ide.vscode@1.2.3
  com.unity.modules.ai@1.0.0
  com.unity.modules.androidjni@1.0.0
  com.unity.modules.animation@1.0.0
  com.unity.modules.assetbundle@1.0.0
  com.unity.modules.audio@1.0.0
  com.unity.modules.cloth@1.0.0
  com.unity.modules.director@1.0.0
  com.unity.modules.imageconversion@1.0.0
  com.unity.modules.imgui@1.0.0
  com.unity.modules.jsonserialize@1.0.0
  com.unity.modules.particlesystem@1.0.0
  com.unity.modules.physics@1.0.0
  com.unity.modules.physics2d@1.0.0
  com.unity.modules.screencapture@1.0.0
  com.unity.modules.terrain@1.0.0
  com.unity.modules.terrainphysics@1.0.0
  com.unity.modules.tilemap@1.0.0
  com.unity.modules.ui@1.0.0
  com.unity.modules.uielements@1.0.0
  com.unity.modules.umbra@1.0.0
  com.unity.modules.unityanalytics@1.0.0
  com.unity.modules.unitywebrequest@1.0.0
  com.unity.modules.unitywebrequestassetbundle@1.0.0
  com.unity.modules.unitywebrequestaudio@1.0.0
  com.unity.modules.unitywebrequesttexture@1.0.0
  com.unity.modules.unitywebrequestwww@1.0.0
  com.unity.modules.vehicles@1.0.0
  com.unity.modules.video@1.0.0
  com.unity.modules.vr@1.0.0
  com.unity.modules.wind@1.0.0
  com.unity.modules.xr@1.0.0
  com.unity.test-framework@1.1.19
  com.unity.textmeshpro@2.1.1
  com.unity.timeline@1.2.17
  com.unity.ugui@1.0.0

=== Sat Jan 30 15:17:04 2021

Packages were changed.
Update Mode: updateDependencies

The following packages were updated:
  com.unity.ide.vscode from version 1.2.2 to 1.2.3
  com.unity.test-framework from version 1.1.18 to 1.1.20

=== Tue Jan 16 12:50:21 2024

Packages were changed.
Update Mode: updateDependencies

The following packages were updated:
  com.unity.collab-proxy from version 1.2.16 to 1.14.18
  com.unity.ide.visualstudio from version 2.0.2 to 2.0.15
  com.unity.ide.vscode from version 1.2.3 to 1.2.5
  com.unity.test-framework from version 1.1.20 to 1.1.31
  com.unity.textmeshpro from version 2.1.3 to 2.1.4
  com.unity.timeline from version 1.2.17 to 1.2.18

=== Thu Jan 25 22:39:51 2024

Packages were changed.
Update Mode: updateDependencies

The following packages were added:
  com.unity.ai.navigation@1.1.5
The following packages were updated:
  com.unity.cinemachine from version 2.5.0 to 2.9.5
  com.unity.collab-proxy from version 1.14.18 to 2.2.0
  com.unity.ide.rider from version 1.2.1 to 3.0.25
  com.unity.ide.visualstudio from version 2.0.15 to 2.0.21
  com.unity.postprocessing from version 2.3.0 to 3.3.0
  com.unity.probuilder from version 4.4.0 to 5.0.7
  com.unity.test-framework from version 1.1.31 to 1.3.9
  com.unity.textmeshpro from version 2.1.4 to 3.0.6
  com.unity.timeline from version 1.2.18 to 1.8.2
  com.unity.xr.interaction.toolkit from version 2.1.1 to 2.5.1
  com.unity.xr.management from version 4.2.1 to 4.4.0
  com.unity.xr.oculus from version 1.12.1 to 4.1.1
